<?xml version="1.0" encoding="UTF-8"?>
<testng-results skipped="0" failed="0" total="1" passed="1">
  <reporter-output>
  </reporter-output>
  <suite name="Default suite" duration-ms="2928" started-at="2019-10-31T11:19:54Z" finished-at="2019-10-31T11:19:57Z">
    <groups>
    </groups>
    <test name="Default test" duration-ms="2928" started-at="2019-10-31T11:19:54Z" finished-at="2019-10-31T11:19:57Z">
      <class name="Demo.ExtractJson">
        <test-method status="PASS" signature="test_data()[pri:0, instance:Demo.ExtractJson@4c70fda8]" name="test_data" duration-ms="2908" started-at="2019-10-31T16:49:54Z" finished-at="2019-10-31T16:49:57Z">
          <reporter-output>
          </reporter-output>
        </test-method> <!-- test_data -->
      </class> <!-- Demo.ExtractJson -->
    </test> <!-- Default test -->
  </suite> <!-- Default suite -->
</testng-results>
